2014-10-10 00:47:30,155 [Worker-4] INFO  o.e.m.c.i.l.LifecycleMappingFactory - Using org.eclipse.m2e.jdt.JarLifecycleMapping lifecycle mapping for MavenProject: com.swordSpa:server-module:0.1 @ E:\programming\vertx\server-module\pom.xml.
2014-10-10 00:47:30,812 [Worker-4] INFO  o.e.m.j.i.AbstractJavaProjectConfigurator - Adding source folder /server-module/src/main/java
2014-10-10 00:47:30,812 [Worker-4] INFO  o.e.m.j.i.AbstractJavaProjectConfigurator - Resources folder /server-module/src/main/resources overlaps with sources folder /server-module/src/main/resources
2014-10-10 00:47:30,827 [Worker-4] INFO  o.e.m.j.i.AbstractJavaProjectConfigurator - Adding source folder /server-module/src/test/java
2014-10-10 00:47:30,827 [Worker-4] INFO  o.e.m.j.i.AbstractJavaProjectConfigurator - Resources folder /server-module/src/test/resources overlaps with sources folder /server-module/src/test/resources
2014-10-10 00:47:30,999 [Worker-4] INFO  o.e.m.c.i.p.ProjectConfigurationManager - Imported and configured 1 project(s) in 2 sec
2014-10-10 00:47:31,789 [Worker-4] INFO  o.e.m.i.discovery.MavenDiscovery - No lifecyle mapping found at jar:file:/C:/Users/epkfaile/AppData/Local/Temp/RemoteBundleDiscoveryStrategy3986915594457883352.tmp/org.eclipse.m2e.discovery.oss_catalog_1.5.jar_2615207885534826514.jar!/lifecycle%2Forg.eclipse.m2e.discovery.lifecyclemapping.m2e-egit.xml
2014-10-10 00:47:31,790 [Worker-4] WARN  o.e.m.i.discovery.MavenDiscovery - CatalogItem org.eclipse.m2e.discovery.lifecyclemapping.m2e-egit does not contain lifecycle mapping metadata
2014-10-10 00:47:31,793 [Worker-4] INFO  o.e.m.i.discovery.MavenDiscovery - No lifecyle mapping found at jar:file:/C:/Users/epkfaile/AppData/Local/Temp/RemoteBundleDiscoveryStrategy3986915594457883352.tmp/org.eclipse.m2e.discovery.oss_catalog_1.5.jar_2615207885534826514.jar!/lifecycle%2Forg.eclipse.m2e.discovery.lifecyclemapping.m2e-subversive.xml
2014-10-10 00:47:31,794 [Worker-4] WARN  o.e.m.i.discovery.MavenDiscovery - CatalogItem org.eclipse.m2e.discovery.lifecyclemapping.m2e-subversive does not contain lifecycle mapping metadata
2014-10-10 00:47:31,796 [Worker-4] INFO  o.e.m.i.discovery.MavenDiscovery - No lifecyle mapping found at jar:file:/C:/Users/epkfaile/AppData/Local/Temp/RemoteBundleDiscoveryStrategy3986915594457883352.tmp/org.eclipse.m2e.discovery.oss_catalog_1.5.jar_2615207885534826514.jar!/lifecycle%2Forg.eclipse.m2e.discovery.lifecyclemapping.m2e-subclipse.xml
2014-10-10 00:47:31,797 [Worker-4] WARN  o.e.m.i.discovery.MavenDiscovery - CatalogItem org.eclipse.m2e.discovery.lifecyclemapping.m2e-subclipse does not contain lifecycle mapping metadata
2014-10-10 00:47:31,819 [Worker-4] INFO  o.e.m.i.discovery.MavenDiscovery - No lifecyle mapping found at jar:file:/C:/Users/epkfaile/AppData/Local/Temp/RemoteBundleDiscoveryStrategy3986915594457883352.tmp/org.eclipse.m2e.discovery.oss_catalog_1.5.jar_2615207885534826514.jar!/lifecycle%2Forg.eclipse.xtext.m2e.xtextConfigurator.xml
2014-10-10 00:47:31,819 [Worker-4] WARN  o.e.m.i.discovery.MavenDiscovery - CatalogItem org.eclipse.xtext.m2e.xtextConfigurator does not contain lifecycle mapping metadata
2014-10-10 00:47:31,898 [Worker-0] INFO  o.e.m.c.i.l.LifecycleMappingFactory - Using org.eclipse.m2e.jdt.JarLifecycleMapping lifecycle mapping for MavenProject: com.swordSpa:server-module:0.1 @ E:\programming\vertx\server-module\pom.xml.
2014-10-10 00:47:33,134 [Worker-2] INFO  o.e.m.c.i.l.LifecycleMappingFactory - Using org.eclipse.m2e.jdt.JarLifecycleMapping lifecycle mapping for MavenProject: com.swordSpa:server-module:0.1 @ E:\programming\vertx\server-module\pom.xml.
2014-10-10 00:47:33,521 [Worker-2] INFO  o.e.m.c.i.embedder.EclipseLogger - Using 'UTF-8' encoding to copy filtered resources.
2014-10-10 00:47:33,521 [Worker-2] INFO  o.e.m.c.i.embedder.EclipseLogger - Copying 6 resources
2014-10-10 00:47:33,536 [Worker-2] INFO  o.e.m.c.i.embedder.EclipseLogger - Using 'UTF-8' encoding to copy filtered resources.
2014-10-10 00:47:33,536 [Worker-2] INFO  o.e.m.c.i.embedder.EclipseLogger - Copying 2 resources
2014-10-10 00:47:33,552 [Worker-2] INFO  o.e.m.c.i.embedder.EclipseLogger - Using 'UTF-8' encoding to copy filtered resources.
2014-10-10 00:47:33,552 [Worker-2] INFO  o.e.m.c.i.embedder.EclipseLogger - Copying 9 resources
2014-10-10 00:47:34,960 [Worker-1] INFO  o.e.m.c.i.l.LifecycleMappingFactory - Using org.eclipse.m2e.jdt.JarLifecycleMapping lifecycle mapping for MavenProject: com.swordSpa:server-module:0.1 @ E:\programming\vertx\server-module\pom.xml.
2014-10-10 00:47:35,915 [Worker-3] INFO  o.e.m.c.i.embedder.EclipseLogger - Using 'UTF-8' encoding to copy filtered resources.
2014-10-10 00:47:35,916 [Worker-3] INFO  o.e.m.c.i.embedder.EclipseLogger - Copying 0 resource
2014-10-10 00:47:35,917 [Worker-3] INFO  o.e.m.c.i.embedder.EclipseLogger - Using 'UTF-8' encoding to copy filtered resources.
2014-10-10 00:47:35,917 [Worker-3] INFO  o.e.m.c.i.embedder.EclipseLogger - Copying 0 resource
2014-10-10 00:47:35,918 [Worker-3] INFO  o.e.m.c.i.embedder.EclipseLogger - Using 'UTF-8' encoding to copy filtered resources.
2014-10-10 00:47:35,918 [Worker-3] INFO  o.e.m.c.i.embedder.EclipseLogger - Copying 0 resource
2014-10-10 00:48:01,860 [Worker-7] INFO  o.e.m.c.i.p.ProjectConfigurationManager - Update started
2014-10-10 00:48:01,875 [Worker-7] INFO  o.e.m.c.i.p.ProjectConfigurationManager - Update completed: 0 sec
2014-10-10 00:48:20,866 [Worker-4] INFO  o.e.m.c.i.p.ProjectConfigurationManager - Update started
2014-10-10 00:48:21,588 [Worker-4] INFO  o.e.m.c.i.l.LifecycleMappingFactory - Using org.eclipse.m2e.jdt.JarLifecycleMapping lifecycle mapping for MavenProject: com.swordSpa:server-module:0.1 @ E:\programming\vertx\server-module\pom.xml.
2014-10-10 00:48:22,152 [Worker-4] INFO  o.e.m.j.i.AbstractJavaProjectConfigurator - Adding source folder /server-module/src/main/java
2014-10-10 00:48:22,152 [Worker-4] INFO  o.e.m.j.i.AbstractJavaProjectConfigurator - Resources folder /server-module/src/main/resources overlaps with sources folder /server-module/src/main/resources
2014-10-10 00:48:22,152 [Worker-4] INFO  o.e.m.j.i.AbstractJavaProjectConfigurator - Adding source folder /server-module/src/test/java
2014-10-10 00:48:22,152 [Worker-4] INFO  o.e.m.j.i.AbstractJavaProjectConfigurator - Resources folder /server-module/src/test/resources overlaps with sources folder /server-module/src/test/resources
2014-10-10 00:48:22,410 [Worker-4] INFO  o.e.m.c.i.p.ProjectConfigurationManager - Update completed: 1 sec
2014-10-10 00:48:23,231 [Worker-4] INFO  o.e.m.c.i.embedder.EclipseLogger - Using 'UTF-8' encoding to copy filtered resources.
2014-10-10 00:48:23,247 [Worker-4] INFO  o.e.m.c.i.embedder.EclipseLogger - Copying 6 resources
2014-10-10 00:48:23,262 [Worker-4] INFO  o.e.m.c.i.embedder.EclipseLogger - Using 'UTF-8' encoding to copy filtered resources.
2014-10-10 00:48:23,262 [Worker-4] INFO  o.e.m.c.i.embedder.EclipseLogger - Copying 2 resources
2014-10-10 00:48:24,012 [Worker-4] INFO  o.e.m.c.i.embedder.EclipseLogger - Using 'UTF-8' encoding to copy filtered resources.
2014-10-10 00:48:24,012 [Worker-4] INFO  o.e.m.c.i.embedder.EclipseLogger - Copying 9 resources
2014-10-10 01:00:18,458 [Worker-9] INFO  o.e.m.c.i.embedder.EclipseLogger - Using 'UTF-8' encoding to copy filtered resources.
2014-10-10 01:00:18,461 [Worker-9] INFO  o.e.m.c.i.embedder.EclipseLogger - Copying 0 resource
2014-10-10 01:00:18,463 [Worker-9] INFO  o.e.m.c.i.embedder.EclipseLogger - Using 'UTF-8' encoding to copy filtered resources.
2014-10-10 01:00:18,463 [Worker-9] INFO  o.e.m.c.i.embedder.EclipseLogger - Copying 0 resource
2014-10-10 01:00:18,464 [Worker-9] INFO  o.e.m.c.i.embedder.EclipseLogger - Using 'UTF-8' encoding to copy filtered resources.
2014-10-10 01:00:18,464 [Worker-9] INFO  o.e.m.c.i.embedder.EclipseLogger - Copying 0 resource
2014-10-10 01:03:59,211 [Worker-9] INFO  o.e.m.c.i.embedder.EclipseLogger - Using 'UTF-8' encoding to copy filtered resources.
2014-10-10 01:03:59,211 [Worker-9] INFO  o.e.m.c.i.embedder.EclipseLogger - Copying 6 resources
2014-10-10 01:03:59,226 [Worker-9] INFO  o.e.m.c.i.embedder.EclipseLogger - Using 'UTF-8' encoding to copy filtered resources.
2014-10-10 01:03:59,226 [Worker-9] INFO  o.e.m.c.i.embedder.EclipseLogger - Copying 1 resource
2014-10-10 01:03:59,226 [Worker-9] INFO  o.e.m.c.i.embedder.EclipseLogger - Using 'UTF-8' encoding to copy filtered resources.
2014-10-10 01:03:59,226 [Worker-9] INFO  o.e.m.c.i.embedder.EclipseLogger - Copying 9 resources
2014-10-10 01:04:02,311 [Worker-16] INFO  o.e.m.c.i.embedder.EclipseLogger - Using 'UTF-8' encoding to copy filtered resources.
2014-10-10 01:04:02,311 [Worker-16] INFO  o.e.m.c.i.embedder.EclipseLogger - Copying 6 resources
2014-10-10 01:04:02,311 [Worker-16] INFO  o.e.m.c.i.embedder.EclipseLogger - Using 'UTF-8' encoding to copy filtered resources.
2014-10-10 01:04:02,311 [Worker-16] INFO  o.e.m.c.i.embedder.EclipseLogger - Copying 2 resources
2014-10-10 01:04:02,311 [Worker-16] INFO  o.e.m.c.i.embedder.EclipseLogger - Using 'UTF-8' encoding to copy filtered resources.
2014-10-10 01:04:02,311 [Worker-16] INFO  o.e.m.c.i.embedder.EclipseLogger - Copying 0 resource
2014-10-10 01:08:54,973 [Worker-19] INFO  o.e.m.c.i.embedder.EclipseLogger - Using 'UTF-8' encoding to copy filtered resources.
2014-10-10 01:08:54,973 [Worker-19] INFO  o.e.m.c.i.embedder.EclipseLogger - Copying 6 resources
2014-10-10 01:08:54,989 [Worker-19] INFO  o.e.m.c.i.embedder.EclipseLogger - Using 'UTF-8' encoding to copy filtered resources.
2014-10-10 01:08:54,989 [Worker-19] INFO  o.e.m.c.i.embedder.EclipseLogger - Copying 2 resources
2014-10-10 01:08:54,989 [Worker-19] INFO  o.e.m.c.i.embedder.EclipseLogger - Using 'UTF-8' encoding to copy filtered resources.
2014-10-10 01:08:54,989 [Worker-19] INFO  o.e.m.c.i.embedder.EclipseLogger - Copying 9 resources
2014-10-10 01:24:35,845 [Worker-23] INFO  o.e.m.c.i.embedder.EclipseLogger - Using 'UTF-8' encoding to copy filtered resources.
2014-10-10 01:24:35,845 [Worker-23] INFO  o.e.m.c.i.embedder.EclipseLogger - Copying 6 resources
2014-10-10 01:24:35,860 [Worker-23] INFO  o.e.m.c.i.embedder.EclipseLogger - Using 'UTF-8' encoding to copy filtered resources.
2014-10-10 01:24:35,860 [Worker-23] INFO  o.e.m.c.i.embedder.EclipseLogger - Copying 1 resource
2014-10-10 01:24:35,860 [Worker-23] INFO  o.e.m.c.i.embedder.EclipseLogger - Using 'UTF-8' encoding to copy filtered resources.
2014-10-10 01:24:35,860 [Worker-23] INFO  o.e.m.c.i.embedder.EclipseLogger - Copying 0 resource
2014-10-10 01:25:31,039 [Worker-26] INFO  o.e.m.c.i.embedder.EclipseLogger - Using 'UTF-8' encoding to copy filtered resources.
2014-10-10 01:25:31,039 [Worker-26] INFO  o.e.m.c.i.embedder.EclipseLogger - Copying 6 resources
2014-10-10 01:25:31,039 [Worker-26] INFO  o.e.m.c.i.embedder.EclipseLogger - Using 'UTF-8' encoding to copy filtered resources.
2014-10-10 01:25:31,039 [Worker-26] INFO  o.e.m.c.i.embedder.EclipseLogger - Copying 1 resource
2014-10-10 01:25:31,054 [Worker-26] INFO  o.e.m.c.i.embedder.EclipseLogger - Using 'UTF-8' encoding to copy filtered resources.
2014-10-10 01:25:31,054 [Worker-26] INFO  o.e.m.c.i.embedder.EclipseLogger - Copying 0 resource
2014-10-10 01:27:11,679 [Worker-25] INFO  o.e.m.c.i.embedder.EclipseLogger - Using 'UTF-8' encoding to copy filtered resources.
2014-10-10 01:27:11,679 [Worker-25] INFO  o.e.m.c.i.embedder.EclipseLogger - Copying 6 resources
2014-10-10 01:27:11,679 [Worker-25] INFO  o.e.m.c.i.embedder.EclipseLogger - Using 'UTF-8' encoding to copy filtered resources.
2014-10-10 01:27:11,679 [Worker-25] INFO  o.e.m.c.i.embedder.EclipseLogger - Copying 2 resources
2014-10-10 01:27:11,679 [Worker-25] INFO  o.e.m.c.i.embedder.EclipseLogger - Using 'UTF-8' encoding to copy filtered resources.
2014-10-10 01:27:11,679 [Worker-25] INFO  o.e.m.c.i.embedder.EclipseLogger - Copying 0 resource
2014-10-10 01:51:20,335 [Worker-31] INFO  o.e.m.c.i.embedder.EclipseLogger - Using 'UTF-8' encoding to copy filtered resources.
2014-10-10 01:51:20,335 [Worker-31] INFO  o.e.m.c.i.embedder.EclipseLogger - Copying 6 resources
2014-10-10 01:51:20,335 [Worker-31] INFO  o.e.m.c.i.embedder.EclipseLogger - Using 'UTF-8' encoding to copy filtered resources.
2014-10-10 01:51:20,335 [Worker-31] INFO  o.e.m.c.i.embedder.EclipseLogger - Copying 1 resource
2014-10-10 01:51:20,351 [Worker-31] INFO  o.e.m.c.i.embedder.EclipseLogger - Using 'UTF-8' encoding to copy filtered resources.
2014-10-10 01:51:20,351 [Worker-31] INFO  o.e.m.c.i.embedder.EclipseLogger - Copying 0 resource
2014-10-10 01:53:14,990 [Worker-35] INFO  o.e.m.c.i.embedder.EclipseLogger - Using 'UTF-8' encoding to copy filtered resources.
2014-10-10 01:53:14,990 [Worker-35] INFO  o.e.m.c.i.embedder.EclipseLogger - Copying 6 resources
2014-10-10 01:53:14,990 [Worker-35] INFO  o.e.m.c.i.embedder.EclipseLogger - Using 'UTF-8' encoding to copy filtered resources.
2014-10-10 01:53:14,990 [Worker-35] INFO  o.e.m.c.i.embedder.EclipseLogger - Copying 1 resource
2014-10-10 01:53:14,990 [Worker-35] INFO  o.e.m.c.i.embedder.EclipseLogger - Using 'UTF-8' encoding to copy filtered resources.
2014-10-10 01:53:14,990 [Worker-35] INFO  o.e.m.c.i.embedder.EclipseLogger - Copying 0 resource
2014-10-10 01:54:31,606 [Worker-32] INFO  o.e.m.c.i.embedder.EclipseLogger - Using 'UTF-8' encoding to copy filtered resources.
2014-10-10 01:54:31,606 [Worker-32] INFO  o.e.m.c.i.embedder.EclipseLogger - Copying 6 resources
2014-10-10 01:54:31,606 [Worker-32] INFO  o.e.m.c.i.embedder.EclipseLogger - Using 'UTF-8' encoding to copy filtered resources.
2014-10-10 01:54:31,606 [Worker-32] INFO  o.e.m.c.i.embedder.EclipseLogger - Copying 1 resource
2014-10-10 01:54:31,606 [Worker-32] INFO  o.e.m.c.i.embedder.EclipseLogger - Using 'UTF-8' encoding to copy filtered resources.
2014-10-10 01:54:31,606 [Worker-32] INFO  o.e.m.c.i.embedder.EclipseLogger - Copying 0 resource
2014-10-10 01:55:25,700 [Worker-32] INFO  o.e.m.c.i.embedder.EclipseLogger - Using 'UTF-8' encoding to copy filtered resources.
2014-10-10 01:55:25,700 [Worker-32] INFO  o.e.m.c.i.embedder.EclipseLogger - Copying 6 resources
2014-10-10 01:55:25,700 [Worker-32] INFO  o.e.m.c.i.embedder.EclipseLogger - Using 'UTF-8' encoding to copy filtered resources.
2014-10-10 01:55:25,700 [Worker-32] INFO  o.e.m.c.i.embedder.EclipseLogger - Copying 1 resource
2014-10-10 01:55:25,700 [Worker-32] INFO  o.e.m.c.i.embedder.EclipseLogger - Using 'UTF-8' encoding to copy filtered resources.
2014-10-10 01:55:25,700 [Worker-32] INFO  o.e.m.c.i.embedder.EclipseLogger - Copying 0 resource
2014-10-10 01:56:28,256 [Worker-36] INFO  o.e.m.c.i.embedder.EclipseLogger - Using 'UTF-8' encoding to copy filtered resources.
2014-10-10 01:56:28,256 [Worker-36] INFO  o.e.m.c.i.embedder.EclipseLogger - Copying 6 resources
2014-10-10 01:56:28,256 [Worker-36] INFO  o.e.m.c.i.embedder.EclipseLogger - Using 'UTF-8' encoding to copy filtered resources.
2014-10-10 01:56:28,256 [Worker-36] INFO  o.e.m.c.i.embedder.EclipseLogger - Copying 1 resource
2014-10-10 01:56:28,256 [Worker-36] INFO  o.e.m.c.i.embedder.EclipseLogger - Using 'UTF-8' encoding to copy filtered resources.
2014-10-10 01:56:28,256 [Worker-36] INFO  o.e.m.c.i.embedder.EclipseLogger - Copying 0 resource
2014-10-10 01:58:42,927 [Worker-31] INFO  o.e.m.c.i.embedder.EclipseLogger - Using 'UTF-8' encoding to copy filtered resources.
2014-10-10 01:58:42,927 [Worker-31] INFO  o.e.m.c.i.embedder.EclipseLogger - Copying 6 resources
2014-10-10 01:58:42,927 [Worker-31] INFO  o.e.m.c.i.embedder.EclipseLogger - Using 'UTF-8' encoding to copy filtered resources.
2014-10-10 01:58:42,927 [Worker-31] INFO  o.e.m.c.i.embedder.EclipseLogger - Copying 2 resources
2014-10-10 01:58:42,927 [Worker-31] INFO  o.e.m.c.i.embedder.EclipseLogger - Using 'UTF-8' encoding to copy filtered resources.
2014-10-10 01:58:42,927 [Worker-31] INFO  o.e.m.c.i.embedder.EclipseLogger - Copying 0 resource
2014-10-10 02:03:32,324 [Worker-33] INFO  o.e.m.c.i.embedder.EclipseLogger - Using 'UTF-8' encoding to copy filtered resources.
2014-10-10 02:03:32,324 [Worker-33] INFO  o.e.m.c.i.embedder.EclipseLogger - Copying 6 resources
2014-10-10 02:03:32,324 [Worker-33] INFO  o.e.m.c.i.embedder.EclipseLogger - Using 'UTF-8' encoding to copy filtered resources.
2014-10-10 02:03:32,324 [Worker-33] INFO  o.e.m.c.i.embedder.EclipseLogger - Copying 2 resources
2014-10-10 02:03:32,324 [Worker-33] INFO  o.e.m.c.i.embedder.EclipseLogger - Using 'UTF-8' encoding to copy filtered resources.
2014-10-10 02:03:32,324 [Worker-33] INFO  o.e.m.c.i.embedder.EclipseLogger - Copying 0 resource
2014-10-10 02:03:38,028 [Worker-36] INFO  o.e.m.c.i.embedder.EclipseLogger - Using 'UTF-8' encoding to copy filtered resources.
2014-10-10 02:03:38,028 [Worker-36] INFO  o.e.m.c.i.embedder.EclipseLogger - Copying 6 resources
2014-10-10 02:03:38,028 [Worker-36] INFO  o.e.m.c.i.embedder.EclipseLogger - Using 'UTF-8' encoding to copy filtered resources.
2014-10-10 02:03:38,028 [Worker-36] INFO  o.e.m.c.i.embedder.EclipseLogger - Copying 2 resources
2014-10-10 02:03:38,028 [Worker-36] INFO  o.e.m.c.i.embedder.EclipseLogger - Using 'UTF-8' encoding to copy filtered resources.
2014-10-10 02:03:38,028 [Worker-36] INFO  o.e.m.c.i.embedder.EclipseLogger - Copying 0 resource
2014-10-10 02:04:41,066 [Worker-34] INFO  o.e.m.c.i.embedder.EclipseLogger - Using 'UTF-8' encoding to copy filtered resources.
2014-10-10 02:04:41,066 [Worker-34] INFO  o.e.m.c.i.embedder.EclipseLogger - Copying 6 resources
2014-10-10 02:04:41,066 [Worker-34] INFO  o.e.m.c.i.embedder.EclipseLogger - Using 'UTF-8' encoding to copy filtered resources.
2014-10-10 02:04:41,066 [Worker-34] INFO  o.e.m.c.i.embedder.EclipseLogger - Copying 2 resources
2014-10-10 02:04:41,082 [Worker-34] INFO  o.e.m.c.i.embedder.EclipseLogger - Using 'UTF-8' encoding to copy filtered resources.
2014-10-10 02:04:41,082 [Worker-34] INFO  o.e.m.c.i.embedder.EclipseLogger - Copying 0 resource
